<?xml version="1.0" encoding="UTF-8"?>
<!-- Generated by org.testng.reporters.JUnitXMLReporter -->
<testsuite ignored="0" hostname="DESKTOP-C1NL13N" failures="1" tests="1" name="Test" time="34.724" errors="0" timestamp="2024-02-03T00:24:02 IST">
  <testcase classname="testScripts.AddCategoryTest" name="addCategoryTest" time="2.528">
    <failure type="java.lang.AssertionError" message="The following asserts failed:
	expected [Add New Category] but found []">
      <![CDATA[java.lang.AssertionError: The following asserts failed:
expected [Add New Category] but found []
at testScripts.AddCategoryTest.addCategoryTest(AddCategoryTest.java:37)
at java.base/java.util.ArrayList.forEach(ArrayList.java:1511)
... Removed 29 stack frames]]>
    </failure>
  </testcase> <!-- addCategoryTest -->
</testsuite> <!-- Test -->
